ncnn-android-yolov8/app/build/intermediates/manifest_merge_blame_file/release/processReleaseMainManifest/manifest-merger-blame-release-report.txt
1<?xml version="1.0" encoding="utf-8"?>
2<manifest xmlns:android="http://schemas.android.com/apk/res/android"
3    package="com.tencent.yolov8ncnn"
4    android:versionCode="1"
5    android:versionName="1.1" >
6
7    <uses-sdk
8        android:minSdkVersion="24"
9        android:targetSdkVersion="24" />
10
11    <uses-permission android:name="android.permission.CAMERA" />
11-->src\main\AndroidManifest.xml:5:5-65
11-->src\main\AndroidManifest.xml:5:22-62
12
13    <uses-feature android:name="android.hardware.camera2.full" />
13-->src\main\AndroidManifest.xml:6:5-66
13-->src\main\AndroidManifest.xml:6:19-63
14
15    <application
15-->src\main\AndroidManifest.xml:8:5-17:19
16        android:extractNativeLibs="false"
17        android:label="@string/app_name" >
17-->src\main\AndroidManifest.xml:8:18-50
18        <activity
18-->src\main\AndroidManifest.xml:9:9-16:20
19            android:name="com.tencent.yolov8ncnn.MainActivity"
19-->src\main\AndroidManifest.xml:9:19-46
20            android:label="@string/app_name"
20-->src\main\AndroidManifest.xml:10:19-51
21            android:screenOrientation="portrait" >
21-->src\main\AndroidManifest.xml:11:19-55
22            <intent-filter>
22-->src\main\AndroidManifest.xml:12:13-15:29
23                <action android:name="android.intent.action.MAIN" />
23-->src\main\AndroidManifest.xml:13:17-69
23-->src\main\AndroidManifest.xml:13:25-66
24
25                <category android:name="android.intent.category.LAUNCHER" />
25-->src\main\AndroidManifest.xml:14:17-77
25-->src\main\AndroidManifest.xml:14:27-74
26            </intent-filter>
27        </activity>
28    </application>
29
30</manifest>